Unity Editor version:    2021.1.22f1 (a137e5fb0427)
Branch:                  2021.1/staging
Build type:              Release
Batch mode:              YES
macOS version:           Version 10.13.6 (Build 17G14042)
Darwin version:          17.7.0
Architecture:            x86_64
Running under Rosetta:   NO
Available memory:        8192 MB
Using pre-set license
Pro License: NO
Pro License: NO

COMMAND LINE ARGUMENTS:
/Applications/Unity/Hub/Editor/2021.1.22f1/Unity.app/Contents/MacOS/Unity
-adb2
-batchMode
-noUpm
-name
AssetImportWorker0
-projectPath
/Users/gld/Desktop/GLD/MSD62A_ThirdPerson/MSD62A_ThirdPerson/MSD62AThirdPerson
-logFile
Logs/AssetImportWorker0.log
-srvPort
49955
Successfully changed project path to: /Users/gld/Desktop/GLD/MSD62A_ThirdPerson/MSD62A_ThirdPerson/MSD62AThirdPerson
/Users/gld/Desktop/GLD/MSD62A_ThirdPerson/MSD62A_ThirdPerson/MSD62AThirdPerson
Using Asset Import Pipeline V2.
Refreshing native plugins compatible for Editor in 104.05 ms, found 2 plugins.
Preloading 0 native plugins for Editor in 0.00 ms.
Initialize engine version: 2021.1.22f1 (a137e5fb0427)
[Subsystems] Discovering subsystems at path /Applications/Unity/Hub/Editor/2021.1.22f1/Unity.app/Contents/Resources/UnitySubsystems
[Subsystems] Discovering subsystems at path /Users/gld/Desktop/GLD/MSD62A_ThirdPerson/MSD62A_ThirdPerson/MSD62AThirdPerson/Assets
GfxDevice: creating device client; threaded=0; jobified=0
2021-10-06 10:14:55.952 Unity[12772:88528] InFocus 3138D preferred device: AMD Radeon R9 M395X (high power)
2021-10-06 10:14:55.952 Unity[12772:88528] Metal devices available: 1
2021-10-06 10:14:55.952 Unity[12772:88528] 0: AMD Radeon R9 M395X (high power)
2021-10-06 10:14:55.953 Unity[12772:88528] Using device AMD Radeon R9 M395X (high power)
Initializing Metal device caps: AMD Radeon R9 M395X
Initialize mono
Mono path[0] = '/Applications/Unity/Hub/Editor/2021.1.22f1/Unity.app/Contents/Managed'
Mono path[1] = '/Applications/Unity/Hub/Editor/2021.1.22f1/Unity.app/Contents/MonoBleedingEdge/lib/mono/unityjit'
Mono config path = '/Applications/Unity/Hub/Editor/2021.1.22f1/Unity.app/Contents/MonoBleedingEdge/etc'
Using monoOptions --debugger-agent=transport=dt_socket,embedding=1,server=y,suspend=n,address=127.0.0.1:56772
Begin MonoManager ReloadAssembly
Registering precompiled unity dll's ...
Register platform support module: /Applications/Unity/Hub/Editor/2021.1.22f1/Unity.app/Contents/PlaybackEngines/MacStandaloneSupport/UnityEditor.OSXStandalone.Extensions.dll
Registered in 0.000393 seconds.
Native extension for OSXStandalone target not found
Refreshing native plugins compatible for Editor in 99.76 ms, found 2 plugins.
Preloading 0 native plugins for Editor in 0.00 ms.
Mono: successfully reloaded assembly
- Completed reload, in  3.043 seconds
Domain Reload Profiling:
	ReloadAssembly (3043ms)
		BeginReloadAssembly (52ms)
			ExecutionOrderSort (0ms)
			DisableScriptedObjects (0ms)
			BackupInstance (0ms)
			ReleaseScriptingObjects (0ms)
			CreateAndSetChildDomain (1ms)
		EndReloadAssembly (592ms)
			LoadAssemblies (51ms)
			RebuildTransferFunctionScriptingTraits (0ms)
			SetupTypeCache (230ms)
			ReleaseScriptCaches (0ms)
			RebuildScriptCaches (41ms)
			SetupLoadedEditorAssemblies (274ms)
				LogAssemblyErrors (0ms)
				InitializePlatformSupportModulesInManaged (7ms)
				SetLoadedEditorAssemblies (0ms)
				RefreshPlugins (100ms)
				BeforeProcessingInitializeOnLoad (1ms)
				ProcessInitializeOnLoadAttributes (131ms)
				ProcessInitializeOnLoadMethodAttributes (34ms)
				AfterProcessingInitializeOnLoad (0ms)
				EditorAssembliesLoaded (0ms)
			ExecutionOrderSort2 (0ms)
			AwakeInstancesAfterBackupRestoration (0ms)
Platform modules already initialized, skipping
Registering precompiled user dll's ...
Registered in 0.002036 seconds.
Begin MonoManager ReloadAssembly
Symbol file LoadedFromMemory doesn't match image /Users/gld/Desktop/GLD/MSD62A_ThirdPerson/MSD62A_ThirdPerson/MSD62AThirdPerson/Library/PackageCache/com.unity.visualscripting@1.6.1/Editor/VisualScripting.Core/Dependencies/YamlDotNet/Unity.VisualScripting.YamlDotNet.dll
Symbol file LoadedFromMemory doesn't match image /Users/gld/Desktop/GLD/MSD62A_ThirdPerson/MSD62A_ThirdPerson/MSD62AThirdPerson/Library/PackageCache/com.unity.visualscripting@1.6.1/Editor/VisualScripting.Core/Dependencies/DotNetZip/Unity.VisualScripting.IonicZip.dll
Native extension for OSXStandalone target not found
Refreshing native plugins compatible for Editor in 0.57 ms, found 2 plugins.
Preloading 0 native plugins for Editor in 0.00 ms.
Mono: successfully reloaded assembly
- Completed reload, in  1.282 seconds
Domain Reload Profiling:
	ReloadAssembly (1283ms)
		BeginReloadAssembly (167ms)
			ExecutionOrderSort (0ms)
			DisableScriptedObjects (5ms)
			BackupInstance (0ms)
			ReleaseScriptingObjects (0ms)
			CreateAndSetChildDomain (35ms)
		EndReloadAssembly (1047ms)
			LoadAssemblies (74ms)
			RebuildTransferFunctionScriptingTraits (0ms)
			SetupTypeCache (430ms)
			ReleaseScriptCaches (1ms)
			RebuildScriptCaches (63ms)
			SetupLoadedEditorAssemblies (358ms)
				LogAssemblyErrors (0ms)
				InitializePlatformSupportModulesInManaged (4ms)
				SetLoadedEditorAssemblies (0ms)
				RefreshPlugins (1ms)
				BeforeProcessingInitializeOnLoad (70ms)
				ProcessInitializeOnLoadAttributes (276ms)
				ProcessInitializeOnLoadMethodAttributes (5ms)
				AfterProcessingInitializeOnLoad (1ms)
				EditorAssembliesLoaded (0ms)
			ExecutionOrderSort2 (0ms)
			AwakeInstancesAfterBackupRestoration (8ms)
Platform modules already initialized, skipping
========================================================================
Worker process is ready to serve import requests
Launching external process: /Applications/Unity/Hub/Editor/2021.1.22f1/Unity.app/Contents/Tools/UnityShaderCompiler
Launched and connected shader compiler UnityShaderCompiler after 0.01 seconds
Refreshing native plugins compatible for Editor in 0.56 ms, found 2 plugins.
Preloading 0 native plugins for Editor in 0.00 ms.
Unloading 2967 Unused Serialized files (Serialized files now loaded: 0)
System memory in use before: 218.7 MB.
System memory in use after: 218.9 MB.

Unloading 20 unused Assets to reduce memory usage. Loaded Objects now: 3414.
Total: 2.936305 ms (FindLiveObjects: 0.197812 ms CreateObjectMapping: 0.093310 ms MarkObjects: 2.591022 ms  DeleteObjects: 0.053268 ms)

AssetImportParameters requested are different than current active one (requested -> active):
  custom:video-decoder-ogg-theora: a1e56fd34408186e4bbccfd4996cb3dc -> 
  custom:container-muxer-webm: aa71ff27fc2769a1b78a27578f13a17b -> 
  custom:container-demuxer-webm: 4f35f7cbe854078d1ac9338744f61a02 -> 
  custom:container-demuxer-ogg: 62fdf1f143b41e24485cea50d1cbac27 -> 
  custom:video-encoder-webm-vp8: eb34c28f22e8b96e1ab97ce403110664 -> 
  custom:framework-osx-AVFoundation: b23960f63f64bdc6ff669e2cdcee2391 -> 
  custom:video-decoder-webm-vp8: 9c59270c3fd7afecdb556c50c9e8de78 -> 
  custom:audio-decoder-ogg-vorbis: bf7c407c2cedff20999df2af8eb42d56 -> 
  custom:audio-encoder-webm-vorbis: bf7c407c2cedff20999df2af8eb42d56 -> 
========================================================================
Received Import Request.
  path: Assets
  artifactKey: Guid(00000000000000001000000000000000) Importer(815301076,1909f56bfc062723c751e8b465ee728b)
Start importing Assets using Guid(00000000000000001000000000000000) Importer(815301076,1909f56bfc062723c751e8b465ee728b)  -> (artifact id: '42d402b061de3733987d63b9cc3b64de') in 0.004571 seconds 
========================================================================
Received Prepare
Refreshing native plugins compatible for Editor in 2.02 ms, found 2 plugins.
Preloading 0 native plugins for Editor in 0.00 ms.
Unloading 13 Unused Serialized files (Serialized files now loaded: 0)
System memory in use before: 159.1 MB.
System memory in use after: 159.3 MB.

Unloading 13 unused Assets to reduce memory usage. Loaded Objects now: 3414.
Total: 3.741579 ms (FindLiveObjects: 0.261591 ms CreateObjectMapping: 0.146470 ms MarkObjects: 3.316805 ms  DeleteObjects: 0.015800 ms)

AssetImportParameters requested are different than current active one (requested -> active):
  custom:video-decoder-ogg-theora: a1e56fd34408186e4bbccfd4996cb3dc -> 
  custom:container-muxer-webm: aa71ff27fc2769a1b78a27578f13a17b -> 
  custom:container-demuxer-webm: 4f35f7cbe854078d1ac9338744f61a02 -> 
  custom:container-demuxer-ogg: 62fdf1f143b41e24485cea50d1cbac27 -> 
  custom:video-encoder-webm-vp8: eb34c28f22e8b96e1ab97ce403110664 -> 
  custom:framework-osx-AVFoundation: b23960f63f64bdc6ff669e2cdcee2391 -> 
  custom:video-decoder-webm-vp8: 9c59270c3fd7afecdb556c50c9e8de78 -> 
  custom:audio-decoder-ogg-vorbis: bf7c407c2cedff20999df2af8eb42d56 -> 
  custom:audio-encoder-webm-vorbis: bf7c407c2cedff20999df2af8eb42d56 -> 
========================================================================
Received Prepare
Registering precompiled user dll's ...
Registered in 0.002029 seconds.
Begin MonoManager ReloadAssembly
Symbol file LoadedFromMemory doesn't match image /Users/gld/Desktop/GLD/MSD62A_ThirdPerson/MSD62A_ThirdPerson/MSD62AThirdPerson/Library/PackageCache/com.unity.visualscripting@1.6.1/Editor/VisualScripting.Core/Dependencies/YamlDotNet/Unity.VisualScripting.YamlDotNet.dll
Symbol file LoadedFromMemory doesn't match image /Users/gld/Desktop/GLD/MSD62A_ThirdPerson/MSD62A_ThirdPerson/MSD62AThirdPerson/Library/PackageCache/com.unity.visualscripting@1.6.1/Editor/VisualScripting.Core/Dependencies/DotNetZip/Unity.VisualScripting.IonicZip.dll
Native extension for OSXStandalone target not found
Refreshing native plugins compatible for Editor in 0.57 ms, found 2 plugins.
Preloading 0 native plugins for Editor in 0.00 ms.
Mono: successfully reloaded assembly
- Completed reload, in  1.166 seconds
Domain Reload Profiling:
	ReloadAssembly (1166ms)
		BeginReloadAssembly (124ms)
			ExecutionOrderSort (0ms)
			DisableScriptedObjects (5ms)
			BackupInstance (0ms)
			ReleaseScriptingObjects (0ms)
			CreateAndSetChildDomain (63ms)
		EndReloadAssembly (975ms)
			LoadAssemblies (75ms)
			RebuildTransferFunctionScriptingTraits (0ms)
			SetupTypeCache (417ms)
			ReleaseScriptCaches (1ms)
			RebuildScriptCaches (53ms)
			SetupLoadedEditorAssemblies (310ms)
				LogAssemblyErrors (0ms)
				InitializePlatformSupportModulesInManaged (4ms)
				SetLoadedEditorAssemblies (0ms)
				RefreshPlugins (1ms)
				BeforeProcessingInitializeOnLoad (49ms)
				ProcessInitializeOnLoadAttributes (250ms)
				ProcessInitializeOnLoadMethodAttributes (5ms)
				AfterProcessingInitializeOnLoad (1ms)
				EditorAssembliesLoaded (0ms)
			ExecutionOrderSort2 (0ms)
			AwakeInstancesAfterBackupRestoration (8ms)
Platform modules already initialized, skipping
Refreshing native plugins compatible for Editor in 0.57 ms, found 2 plugins.
Preloading 0 native plugins for Editor in 0.00 ms.
Unloading 2961 Unused Serialized files (Serialized files now loaded: 0)
System memory in use before: 220.0 MB.
System memory in use after: 220.3 MB.

Unloading 15 unused Assets to reduce memory usage. Loaded Objects now: 3416.
Total: 3.356055 ms (FindLiveObjects: 0.285304 ms CreateObjectMapping: 0.167638 ms MarkObjects: 2.879833 ms  DeleteObjects: 0.022112 ms)

AssetImportParameters requested are different than current active one (requested -> active):
  custom:video-decoder-ogg-theora: a1e56fd34408186e4bbccfd4996cb3dc -> 
  custom:container-muxer-webm: aa71ff27fc2769a1b78a27578f13a17b -> 
  custom:container-demuxer-webm: 4f35f7cbe854078d1ac9338744f61a02 -> 
  custom:container-demuxer-ogg: 62fdf1f143b41e24485cea50d1cbac27 -> 
  custom:video-encoder-webm-vp8: eb34c28f22e8b96e1ab97ce403110664 -> 
  custom:framework-osx-AVFoundation: b23960f63f64bdc6ff669e2cdcee2391 -> 
  custom:video-decoder-webm-vp8: 9c59270c3fd7afecdb556c50c9e8de78 -> 
  custom:audio-decoder-ogg-vorbis: bf7c407c2cedff20999df2af8eb42d56 -> 
  custom:audio-encoder-webm-vorbis: bf7c407c2cedff20999df2af8eb42d56 -> 
========================================================================
Received Prepare
Registering precompiled user dll's ...
Registered in 0.001954 seconds.
Begin MonoManager ReloadAssembly
Symbol file LoadedFromMemory doesn't match image /Users/gld/Desktop/GLD/MSD62A_ThirdPerson/MSD62A_ThirdPerson/MSD62AThirdPerson/Library/PackageCache/com.unity.visualscripting@1.6.1/Editor/VisualScripting.Core/Dependencies/YamlDotNet/Unity.VisualScripting.YamlDotNet.dll
Symbol file LoadedFromMemory doesn't match image /Users/gld/Desktop/GLD/MSD62A_ThirdPerson/MSD62A_ThirdPerson/MSD62AThirdPerson/Library/PackageCache/com.unity.visualscripting@1.6.1/Editor/VisualScripting.Core/Dependencies/DotNetZip/Unity.VisualScripting.IonicZip.dll
Native extension for OSXStandalone target not found
Refreshing native plugins compatible for Editor in 0.62 ms, found 2 plugins.
Preloading 0 native plugins for Editor in 0.00 ms.
Mono: successfully reloaded assembly
- Completed reload, in  1.184 seconds
Domain Reload Profiling:
	ReloadAssembly (1185ms)
		BeginReloadAssembly (131ms)
			ExecutionOrderSort (0ms)
			DisableScriptedObjects (5ms)
			BackupInstance (0ms)
			ReleaseScriptingObjects (0ms)
			CreateAndSetChildDomain (67ms)
		EndReloadAssembly (982ms)
			LoadAssemblies (76ms)
			RebuildTransferFunctionScriptingTraits (0ms)
			SetupTypeCache (415ms)
			ReleaseScriptCaches (1ms)
			RebuildScriptCaches (55ms)
			SetupLoadedEditorAssemblies (311ms)
				LogAssemblyErrors (0ms)
				InitializePlatformSupportModulesInManaged (5ms)
				SetLoadedEditorAssemblies (0ms)
				RefreshPlugins (1ms)
				BeforeProcessingInitializeOnLoad (51ms)
				ProcessInitializeOnLoadAttributes (247ms)
				ProcessInitializeOnLoadMethodAttributes (5ms)
				AfterProcessingInitializeOnLoad (1ms)
				EditorAssembliesLoaded (0ms)
			ExecutionOrderSort2 (0ms)
			AwakeInstancesAfterBackupRestoration (8ms)
Platform modules already initialized, skipping
Refreshing native plugins compatible for Editor in 0.72 ms, found 2 plugins.
Preloading 0 native plugins for Editor in 0.00 ms.
Unloading 2961 Unused Serialized files (Serialized files now loaded: 0)
System memory in use before: 220.3 MB.
System memory in use after: 220.5 MB.

Unloading 15 unused Assets to reduce memory usage. Loaded Objects now: 3418.
Total: 2.787286 ms (FindLiveObjects: 0.199020 ms CreateObjectMapping: 0.102664 ms MarkObjects: 2.471324 ms  DeleteObjects: 0.013481 ms)

AssetImportParameters requested are different than current active one (requested -> active):
  custom:video-decoder-ogg-theora: a1e56fd34408186e4bbccfd4996cb3dc -> 
  custom:container-muxer-webm: aa71ff27fc2769a1b78a27578f13a17b -> 
  custom:container-demuxer-webm: 4f35f7cbe854078d1ac9338744f61a02 -> 
  custom:container-demuxer-ogg: 62fdf1f143b41e24485cea50d1cbac27 -> 
  custom:video-encoder-webm-vp8: eb34c28f22e8b96e1ab97ce403110664 -> 
  custom:framework-osx-AVFoundation: b23960f63f64bdc6ff669e2cdcee2391 -> 
  custom:video-decoder-webm-vp8: 9c59270c3fd7afecdb556c50c9e8de78 -> 
  custom:audio-decoder-ogg-vorbis: bf7c407c2cedff20999df2af8eb42d56 -> 
  custom:audio-encoder-webm-vorbis: bf7c407c2cedff20999df2af8eb42d56 -> 
========================================================================
Received Import Request.
  Time since last request: 788.783273 seconds.
  path: Assets/Images/package_potions_512x/potion_icons_256x/256x_beaker_blue.png
  artifactKey: Guid(d7e87acba6263b04db898e8e8626b150) Importer(815301076,1909f56bfc062723c751e8b465ee728b)
Start importing Assets/Images/package_potions_512x/potion_icons_256x/256x_beaker_blue.png using Guid(d7e87acba6263b04db898e8e8626b150) Importer(815301076,1909f56bfc062723c751e8b465ee728b)  -> (artifact id: '5f14f6cff78bc88cedc45c2425567e4b') in 0.135633 seconds 
========================================================================
Received Import Request.
  Time since last request: 0.000120 seconds.
  path: Assets/Images/package_potions_512x/potion_icons_256x/256x_flask2_glass.png
  artifactKey: Guid(25f1f633e88b7cb47bccdbf6143ee2f3) Importer(815301076,1909f56bfc062723c751e8b465ee728b)
Start importing Assets/Images/package_potions_512x/potion_icons_256x/256x_flask2_glass.png using Guid(25f1f633e88b7cb47bccdbf6143ee2f3) Importer(815301076,1909f56bfc062723c751e8b465ee728b)  -> (artifact id: '50be41852a1bf4cfe4b3dbd8f09c9e10') in 0.013929 seconds 
========================================================================
Received Import Request.
  Time since last request: 0.000169 seconds.
  path: Assets/Images/package_potions_512x/potion_icons_256x/256x_bottle_OL_red.png
  artifactKey: Guid(e29dedca8d07953418199e26a0951c3b) Importer(815301076,1909f56bfc062723c751e8b465ee728b)
Start importing Assets/Images/package_potions_512x/potion_icons_256x/256x_bottle_OL_red.png using Guid(e29dedca8d07953418199e26a0951c3b) Importer(815301076,1909f56bfc062723c751e8b465ee728b)  -> (artifact id: 'd9a3ed45436fa80f86d1218221a34560') in 0.016541 seconds 
========================================================================
Received Import Request.
  Time since last request: 0.000165 seconds.
  path: Assets/Images/package_potions_512x/potion_icons_256x/256x_decanter_OL_green.png
  artifactKey: Guid(ebfc4574b2a128a4ba751793ed1f44a5) Importer(815301076,1909f56bfc062723c751e8b465ee728b)
Start importing Assets/Images/package_potions_512x/potion_icons_256x/256x_decanter_OL_green.png using Guid(ebfc4574b2a128a4ba751793ed1f44a5) Importer(815301076,1909f56bfc062723c751e8b465ee728b)  -> (artifact id: '55565b51de749f5aef8fdbb24f3e9700') in 0.011190 seconds 
========================================================================
Received Import Request.
  Time since last request: 0.000144 seconds.
  path: Assets/Images/package_potions_512x/potion_icons_256x/256x_flask2_OL_red.png
  artifactKey: Guid(9e218f106aa05c848a6d534728f434b7) Importer(815301076,1909f56bfc062723c751e8b465ee728b)
Start importing Assets/Images/package_potions_512x/potion_icons_256x/256x_flask2_OL_red.png using Guid(9e218f106aa05c848a6d534728f434b7) Importer(815301076,1909f56bfc062723c751e8b465ee728b)  -> (artifact id: '8c92adb5adea3254b381258b11767aa2') in 0.026280 seconds 
========================================================================
Received Import Request.
  Time since last request: 0.000151 seconds.
  path: Assets/Images/package_potions_512x/potion_icons_256x/256x_potion_OL_red.png
  artifactKey: Guid(9c0039c84e5c49b4b9ba046ac33c6db5) Importer(815301076,1909f56bfc062723c751e8b465ee728b)
Start importing Assets/Images/package_potions_512x/potion_icons_256x/256x_potion_OL_red.png using Guid(9c0039c84e5c49b4b9ba046ac33c6db5) Importer(815301076,1909f56bfc062723c751e8b465ee728b)  -> (artifact id: '59a17914b99d16490e0b081a8b1fdf60') in 0.010067 seconds 
========================================================================
Received Import Request.
  Time since last request: 0.000135 seconds.
  path: Assets/Images/package_potions_512x/potion_icons_256x/256x_vial_blue.png
  artifactKey: Guid(fde3df6f75fb3b64b83b1e1a0876dc4c) Importer(815301076,1909f56bfc062723c751e8b465ee728b)
Start importing Assets/Images/package_potions_512x/potion_icons_256x/256x_vial_blue.png using Guid(fde3df6f75fb3b64b83b1e1a0876dc4c) Importer(815301076,1909f56bfc062723c751e8b465ee728b)  -> (artifact id: '94d9eecdc9465430b01c2e7298b482f6') in 0.010809 seconds 
========================================================================
Received Import Request.
  Time since last request: 0.000185 seconds.
  path: Assets/Images/package_potions_512x/potion_icons_256x/256x_decanter_OL_red.png
  artifactKey: Guid(d71b415dde535d1448b3b0732474f8ef) Importer(815301076,1909f56bfc062723c751e8b465ee728b)
Start importing Assets/Images/package_potions_512x/potion_icons_256x/256x_decanter_OL_red.png using Guid(d71b415dde535d1448b3b0732474f8ef) Importer(815301076,1909f56bfc062723c751e8b465ee728b)  -> (artifact id: 'eba91cf01d5eaa22d3903f85d9b4bced') in 0.012961 seconds 
========================================================================
Received Import Request.
  Time since last request: 0.000141 seconds.
  path: Assets/Images/package_potions_512x/potion_icons_256x/256x_jug_blue.png
  artifactKey: Guid(b93a836c1088c6743a54d524a99cc67c) Importer(815301076,1909f56bfc062723c751e8b465ee728b)
Start importing Assets/Images/package_potions_512x/potion_icons_256x/256x_jug_blue.png using Guid(b93a836c1088c6743a54d524a99cc67c) Importer(815301076,1909f56bfc062723c751e8b465ee728b)  -> (artifact id: '55dce8404941b7428a4cbd4c6ec1e609') in 0.012505 seconds 
========================================================================
Received Import Request.
  Time since last request: 0.000184 seconds.
  path: Assets/Images/package_potions_512x/potion_icons_256x/256x_urn_red.png
  artifactKey: Guid(4e6f4cc1c4366fb4595793e8ca6c665e) Importer(815301076,1909f56bfc062723c751e8b465ee728b)
Start importing Assets/Images/package_potions_512x/potion_icons_256x/256x_urn_red.png using Guid(4e6f4cc1c4366fb4595793e8ca6c665e) Importer(815301076,1909f56bfc062723c751e8b465ee728b)  -> (artifact id: '06875c71fdab61a855d4c4ccb79420a9') in 0.010904 seconds 
========================================================================
Received Import Request.
  Time since last request: 0.000216 seconds.
  path: Assets/Images/package_potions_512x/potion_icons_256x/256x_jug_red.png
  artifactKey: Guid(f242163d21623694281a116a538f1a32) Importer(815301076,1909f56bfc062723c751e8b465ee728b)
Start importing Assets/Images/package_potions_512x/potion_icons_256x/256x_jug_red.png using Guid(f242163d21623694281a116a538f1a32) Importer(815301076,1909f56bfc062723c751e8b465ee728b)  -> (artifact id: '311086972d57dcf95f0bf6de4dd7fe67') in 0.011318 seconds 
========================================================================
Received Import Request.
  Time since last request: 0.000141 seconds.
  path: Assets/Images/package_potions_512x/potion_icons_256x/256x_OL_blue.png
  artifactKey: Guid(7dd2fb2da6c1d9c4280c8f1b34e6ff65) Importer(815301076,1909f56bfc062723c751e8b465ee728b)
Start importing Assets/Images/package_potions_512x/potion_icons_256x/256x_OL_blue.png using Guid(7dd2fb2da6c1d9c4280c8f1b34e6ff65) Importer(815301076,1909f56bfc062723c751e8b465ee728b)  -> (artifact id: '010ae4865017b80b5dae71c13dd31c55') in 0.013192 seconds 
========================================================================
Received Import Request.
  Time since last request: 0.000194 seconds.
  path: Assets/Images/package_potions_512x/potion_icons_256x/256x_decanter_OL_blue.png
  artifactKey: Guid(e176e67e5fd9fd846bec5e649dc2197a) Importer(815301076,1909f56bfc062723c751e8b465ee728b)
Start importing Assets/Images/package_potions_512x/potion_icons_256x/256x_decanter_OL_blue.png using Guid(e176e67e5fd9fd846bec5e649dc2197a) Importer(815301076,1909f56bfc062723c751e8b465ee728b)  -> (artifact id: 'a3ab576ee11f72de1b94e414f54cde2c') in 0.014656 seconds 
========================================================================
Received Import Request.
  Time since last request: 0.000187 seconds.
  path: Assets/Images/package_potions_512x/potion_icons_256x/256x_decanter_glas.png
  artifactKey: Guid(fe7111a6ff325854ab10d5ef113db591) Importer(815301076,1909f56bfc062723c751e8b465ee728b)
Start importing Assets/Images/package_potions_512x/potion_icons_256x/256x_decanter_glas.png using Guid(fe7111a6ff325854ab10d5ef113db591) Importer(815301076,1909f56bfc062723c751e8b465ee728b)  -> (artifact id: '4cd358d8c2d02b225c2ff15efdef5d94') in 0.013801 seconds 
========================================================================
Received Import Request.
  Time since last request: 0.000241 seconds.
  path: Assets/Images/package_potions_512x/potion_icons_256x/256x_flask_glass.png
  artifactKey: Guid(943cefd82825cbc4488baca8c57091a6) Importer(815301076,1909f56bfc062723c751e8b465ee728b)
Start importing Assets/Images/package_potions_512x/potion_icons_256x/256x_flask_glass.png using Guid(943cefd82825cbc4488baca8c57091a6) Importer(815301076,1909f56bfc062723c751e8b465ee728b)  -> (artifact id: 'ef7474a827664b7fb3ec8abed0a264cf') in 0.014957 seconds 
========================================================================
Received Import Request.
  Time since last request: 0.000192 seconds.
  path: Assets/Images/package_potions_512x/potion_icons_256x/256x_flask2_OL_blue.png
  artifactKey: Guid(e0feaa64c5025ef47ae328ab4cc1eb8b) Importer(815301076,1909f56bfc062723c751e8b465ee728b)
Start importing Assets/Images/package_potions_512x/potion_icons_256x/256x_flask2_OL_blue.png using Guid(e0feaa64c5025ef47ae328ab4cc1eb8b) Importer(815301076,1909f56bfc062723c751e8b465ee728b)  -> (artifact id: '61ff85eaf618e4ccfba5dbf8c2b3575f') in 0.027397 seconds 
========================================================================
Received Import Request.
  Time since last request: 0.000136 seconds.
  path: Assets/Images/package_potions_512x/potion_icons_256x/256x_OL_green.png
  artifactKey: Guid(606b04b3b76269142b2dc03a8d212b4e) Importer(815301076,1909f56bfc062723c751e8b465ee728b)
Start importing Assets/Images/package_potions_512x/potion_icons_256x/256x_OL_green.png using Guid(606b04b3b76269142b2dc03a8d212b4e) Importer(815301076,1909f56bfc062723c751e8b465ee728b)  -> (artifact id: '0535eaa67e14c00ab5802a900322d271') in 0.024942 seconds 
========================================================================
Received Import Request.
  Time since last request: 0.000156 seconds.
  path: Assets/Images/package_potions_512x/potion_icons_256x/256x_potion_OL_green.png
  artifactKey: Guid(347f37b4b7e12a041bfff52d5706a432) Importer(815301076,1909f56bfc062723c751e8b465ee728b)
Start importing Assets/Images/package_potions_512x/potion_icons_256x/256x_potion_OL_green.png using Guid(347f37b4b7e12a041bfff52d5706a432) Importer(815301076,1909f56bfc062723c751e8b465ee728b)  -> (artifact id: '1274f34d466b2244595fd6a852b4aae9') in 0.019182 seconds 
========================================================================
Received Import Request.
  Time since last request: 0.000122 seconds.
  path: Assets/Images/package_potions_512x/potion_icons_256x/256x_potion_OL_glass.png
  artifactKey: Guid(65f55e4bca3484e47be3a4788b1fd980) Importer(815301076,1909f56bfc062723c751e8b465ee728b)
Start importing Assets/Images/package_potions_512x/potion_icons_256x/256x_potion_OL_glass.png using Guid(65f55e4bca3484e47be3a4788b1fd980) Importer(815301076,1909f56bfc062723c751e8b465ee728b)  -> (artifact id: 'bbb52ffc753578f442d3ce566f6fd4d1') in 0.011020 seconds 
========================================================================
Received Import Request.
  Time since last request: 0.000678 seconds.
  path: Assets/Images/package_potions_512x/potion_icons_256x/256x_urn_glass.png
  artifactKey: Guid(1194ebbd026b94349888747f77511c45) Importer(815301076,1909f56bfc062723c751e8b465ee728b)
Start importing Assets/Images/package_potions_512x/potion_icons_256x/256x_urn_glass.png using Guid(1194ebbd026b94349888747f77511c45) Importer(815301076,1909f56bfc062723c751e8b465ee728b)  -> (artifact id: '76b56f0a17cc2149a4edecaede3e996c') in 0.011170 seconds 
========================================================================
Received Import Request.
  Time since last request: 0.000148 seconds.
  path: Assets/Images/package_potions_512x/potion_icons_256x/256x_bottle2_red.png
  artifactKey: Guid(dc2d66b0ba5092b4aa1c7783e1bce80b) Importer(815301076,1909f56bfc062723c751e8b465ee728b)
Start importing Assets/Images/package_potions_512x/potion_icons_256x/256x_bottle2_red.png using Guid(dc2d66b0ba5092b4aa1c7783e1bce80b) Importer(815301076,1909f56bfc062723c751e8b465ee728b)  -> (artifact id: 'b6b522ca39e371092ba3fce9d8023720') in 0.012062 seconds 
========================================================================
Received Import Request.
  Time since last request: 0.000154 seconds.
  path: Assets/Images/package_potions_512x/potion_icons_256x/256x_bottle2_glass_empty.png
  artifactKey: Guid(4af3de4057d72344199db9117b1d91e9) Importer(815301076,1909f56bfc062723c751e8b465ee728b)
Start importing Assets/Images/package_potions_512x/potion_icons_256x/256x_bottle2_glass_empty.png using Guid(4af3de4057d72344199db9117b1d91e9) Importer(815301076,1909f56bfc062723c751e8b465ee728b)  -> (artifact id: '25f6695c4096743d4128da6b13d4dbfc') in 0.021348 seconds 
========================================================================
Received Import Request.
  Time since last request: 0.000125 seconds.
  path: Assets/Images/package_potions_512x/potion_icons_256x/256x_flask_red.png
  artifactKey: Guid(5f50f2a4a34f3ea4db65daf9352cef36) Importer(815301076,1909f56bfc062723c751e8b465ee728b)
Start importing Assets/Images/package_potions_512x/potion_icons_256x/256x_flask_red.png using Guid(5f50f2a4a34f3ea4db65daf9352cef36) Importer(815301076,1909f56bfc062723c751e8b465ee728b)  -> (artifact id: '98bdef81e14ade053a89e2a980d01030') in 0.011132 seconds 
========================================================================
Received Import Request.
  Time since last request: 0.000274 seconds.
  path: Assets/Images/package_potions_512x/potion_icons_256x/256x_urn_blue.png
  artifactKey: Guid(1dd744e4eaa54aa4f825489c110ef120) Importer(815301076,1909f56bfc062723c751e8b465ee728b)
Start importing Assets/Images/package_potions_512x/potion_icons_256x/256x_urn_blue.png using Guid(1dd744e4eaa54aa4f825489c110ef120) Importer(815301076,1909f56bfc062723c751e8b465ee728b)  -> (artifact id: 'cfd1f5b4ad0dd3355835dafd721b164d') in 0.011783 seconds 
========================================================================
Received Import Request.
  Time since last request: 0.000179 seconds.
  path: Assets/Images/package_potions_512x/potion_icons_256x/256x_flask_blue.png
  artifactKey: Guid(9f369ff339154214e9ab604ef094c701) Importer(815301076,1909f56bfc062723c751e8b465ee728b)
Start importing Assets/Images/package_potions_512x/potion_icons_256x/256x_flask_blue.png using Guid(9f369ff339154214e9ab604ef094c701) Importer(815301076,1909f56bfc062723c751e8b465ee728b)  -> (artifact id: '0d79d1bd9eeec3da18c5828f6a2faff1') in 0.012061 seconds 
========================================================================
Received Import Request.
  Time since last request: 0.000175 seconds.
  path: Assets/Images/package_potions_512x/potion_icons_512x/512x_beaker_glass_empty.png
  artifactKey: Guid(8c148aa6a373ba34882454df27ec16ed) Importer(815301076,1909f56bfc062723c751e8b465ee728b)
Start importing Assets/Images/package_potions_512x/potion_icons_512x/512x_beaker_glass_empty.png using Guid(8c148aa6a373ba34882454df27ec16ed) Importer(815301076,1909f56bfc062723c751e8b465ee728b)  -> (artifact id: '283ac9f10d463da2803495fe55987a9b') in 0.010766 seconds 
========================================================================
Received Import Request.
  Time since last request: 0.000196 seconds.
  path: Assets/Images/package_potions_512x/potion_icons_256x/256x_beaker_red.png
  artifactKey: Guid(f07016b493a9e10409f45b843b30fce2) Importer(815301076,1909f56bfc062723c751e8b465ee728b)
Start importing Assets/Images/package_potions_512x/potion_icons_256x/256x_beaker_red.png using Guid(f07016b493a9e10409f45b843b30fce2) Importer(815301076,1909f56bfc062723c751e8b465ee728b)  -> (artifact id: 'c4a42d7016c92991de4fea4e513200dd') in 0.020283 seconds 
========================================================================
Received Import Request.
  Time since last request: 0.000138 seconds.
  path: Assets/Images/package_potions_512x/potion_icons_256x/256x_potion_OL_blue.png
  artifactKey: Guid(6a75c99f48687db46a0570b6e6ba9c93) Importer(815301076,1909f56bfc062723c751e8b465ee728b)
Start importing Assets/Images/package_potions_512x/potion_icons_256x/256x_potion_OL_blue.png using Guid(6a75c99f48687db46a0570b6e6ba9c93) Importer(815301076,1909f56bfc062723c751e8b465ee728b)  -> (artifact id: '3e24f73a4e7b01cae78977cc7ad7709f') in 0.015359 seconds 
========================================================================
Received Import Request.
  Time since last request: 0.000207 seconds.
  path: Assets/Images/package_potions_512x/potion_icons_256x/256x_jug_green.png
  artifactKey: Guid(a0669aa98aee3634e9532dfe8ea1d4ab) Importer(815301076,1909f56bfc062723c751e8b465ee728b)
Start importing Assets/Images/package_potions_512x/potion_icons_256x/256x_jug_green.png using Guid(a0669aa98aee3634e9532dfe8ea1d4ab) Importer(815301076,1909f56bfc062723c751e8b465ee728b)  -> (artifact id: 'e4ef180a0ced2f4bb1bcb2856932186a') in 0.012303 seconds 
========================================================================
Received Import Request.
  Time since last request: 0.000170 seconds.
  path: Assets/Images/package_potions_512x/potion_icons_512x/512x_beaker_blue.png
  artifactKey: Guid(8482378a2f8d58b4aa10f606d538b299) Importer(815301076,1909f56bfc062723c751e8b465ee728b)
Start importing Assets/Images/package_potions_512x/potion_icons_512x/512x_beaker_blue.png using Guid(8482378a2f8d58b4aa10f606d538b299) Importer(815301076,1909f56bfc062723c751e8b465ee728b)  -> (artifact id: 'ff048ec7b3218b244846e289e32ce882') in 0.011727 seconds 
========================================================================
Received Import Request.
  Time since last request: 0.000229 seconds.
  path: Assets/Images/package_potions_512x/potion_icons_256x/256x_beaker_glas.png
  artifactKey: Guid(ab7b4f72dc459284d965e73299cf0d77) Importer(815301076,1909f56bfc062723c751e8b465ee728b)
Start importing Assets/Images/package_potions_512x/potion_icons_256x/256x_beaker_glas.png using Guid(ab7b4f72dc459284d965e73299cf0d77) Importer(815301076,1909f56bfc062723c751e8b465ee728b)  -> (artifact id: '8bf6f09397ffa1b929f2ab29806be58e') in 0.012983 seconds 
========================================================================
Received Import Request.
  Time since last request: 0.000167 seconds.
  path: Assets/Images/package_potions_512x/potion_icons_256x/256x_bottle2_blue.png
  artifactKey: Guid(e384923ad8f46004398b561f05e81935) Importer(815301076,1909f56bfc062723c751e8b465ee728b)
Start importing Assets/Images/package_potions_512x/potion_icons_256x/256x_bottle2_blue.png using Guid(e384923ad8f46004398b561f05e81935) Importer(815301076,1909f56bfc062723c751e8b465ee728b)  -> (artifact id: '7e58e2f6bbf5f19699b9e52b22095bf4') in 0.026264 seconds 
========================================================================
Received Import Request.
  Time since last request: 0.000162 seconds.
  path: Assets/Images/package_potions_512x/potion_icons_256x/256x_flask_green.png
  artifactKey: Guid(9ee2b17f70242f245b1cb9a8f073635e) Importer(815301076,1909f56bfc062723c751e8b465ee728b)
Start importing Assets/Images/package_potions_512x/potion_icons_256x/256x_flask_green.png using Guid(9ee2b17f70242f245b1cb9a8f073635e) Importer(815301076,1909f56bfc062723c751e8b465ee728b)  -> (artifact id: '9de04192df2a95f781e3da3e7fef170b') in 0.016002 seconds 
========================================================================
Received Import Request.
  Time since last request: 0.000143 seconds.
  path: Assets/Images/package_potions_512x/potion_icons_256x/256x_flask2_OL_blue-copy.png
  artifactKey: Guid(87e62b5b1e2834c44b0f8807023528ad) Importer(815301076,1909f56bfc062723c751e8b465ee728b)
Start importing Assets/Images/package_potions_512x/potion_icons_256x/256x_flask2_OL_blue-copy.png using Guid(87e62b5b1e2834c44b0f8807023528ad) Importer(815301076,1909f56bfc062723c751e8b465ee728b)  -> (artifact id: '8685ece1b8a457b567788c525ea2168a') in 0.025524 seconds 
========================================================================
Received Import Request.
  Time since last request: 0.000114 seconds.
  path: Assets/Images/package_potions_512x/potion_icons_256x/256x_vial_green.png
  artifactKey: Guid(8339dd0ccac10c14e917a1e280284685) Importer(815301076,1909f56bfc062723c751e8b465ee728b)
Start importing Assets/Images/package_potions_512x/potion_icons_256x/256x_vial_green.png using Guid(8339dd0ccac10c14e917a1e280284685) Importer(815301076,1909f56bfc062723c751e8b465ee728b)  -> (artifact id: '24f92f29fb2bf11cb990fe7ef674b767') in 0.012691 seconds 
========================================================================
Received Import Request.
  Time since last request: 0.000167 seconds.
  path: Assets/Images/package_potions_512x/potion_icons_256x/256x_urn_green.png
  artifactKey: Guid(f70070c5968f908439b52d7f1e5cbe87) Importer(815301076,1909f56bfc062723c751e8b465ee728b)
Start importing Assets/Images/package_potions_512x/potion_icons_256x/256x_urn_green.png using Guid(f70070c5968f908439b52d7f1e5cbe87) Importer(815301076,1909f56bfc062723c751e8b465ee728b)  -> (artifact id: '1113053e3c25432d9067d4059aeef45a') in 0.011669 seconds 
========================================================================
Received Import Request.
  Time since last request: 0.000164 seconds.
  path: Assets/Images/package_potions_512x/potion_icons_256x/256x_beaker_green.png
  artifactKey: Guid(0b53a5b5845561e45998eebd3365f0be) Importer(815301076,1909f56bfc062723c751e8b465ee728b)
Start importing Assets/Images/package_potions_512x/potion_icons_256x/256x_beaker_green.png using Guid(0b53a5b5845561e45998eebd3365f0be) Importer(815301076,1909f56bfc062723c751e8b465ee728b)  -> (artifact id: '193a852a0009281d899ec66240c075d9') in 0.011739 seconds 
========================================================================
Received Import Request.
  Time since last request: 0.000216 seconds.
  path: Assets/Images/package_potions_512x/potion_icons_256x/256x_bottle2_green.png
  artifactKey: Guid(12b7c91fb49c08f45b610f4cc23a502e) Importer(815301076,1909f56bfc062723c751e8b465ee728b)
Start importing Assets/Images/package_potions_512x/potion_icons_256x/256x_bottle2_green.png using Guid(12b7c91fb49c08f45b610f4cc23a502e) Importer(815301076,1909f56bfc062723c751e8b465ee728b)  -> (artifact id: '257258ba2f40b98d7fa134f0d8f902a1') in 0.062696 seconds 
========================================================================
Received Import Request.
  Time since last request: 0.000128 seconds.
  path: Assets/Images/package_potions_512x/potion_icons_256x/256x_jug_empty.png
  artifactKey: Guid(5be1c26a0b3d2e24483c805fe846a535) Importer(815301076,1909f56bfc062723c751e8b465ee728b)
Start importing Assets/Images/package_potions_512x/potion_icons_256x/256x_jug_empty.png using Guid(5be1c26a0b3d2e24483c805fe846a535) Importer(815301076,1909f56bfc062723c751e8b465ee728b)  -> (artifact id: '67970c96ea66332a0ade43739a3aaaca') in 0.013638 seconds 
========================================================================
Received Import Request.
  Time since last request: 0.000150 seconds.
  path: Assets/Images/package_potions_512x/potion_icons_256x/256x_bottle_OL_glass.png
  artifactKey: Guid(046658fd6511c004091dd7558b01d31b) Importer(815301076,1909f56bfc062723c751e8b465ee728b)
Start importing Assets/Images/package_potions_512x/potion_icons_256x/256x_bottle_OL_glass.png using Guid(046658fd6511c004091dd7558b01d31b) Importer(815301076,1909f56bfc062723c751e8b465ee728b)  -> (artifact id: '5e1781cc1b845d4e632cf92e61664dd2') in 0.012598 seconds 
========================================================================
Received Import Request.
  Time since last request: 0.000219 seconds.
  path: Assets/Images/package_potions_512x/potion_icons_256x/256x_vial_red.png
  artifactKey: Guid(1596ce10979230c4eba5169c4c90f895) Importer(815301076,1909f56bfc062723c751e8b465ee728b)
Start importing Assets/Images/package_potions_512x/potion_icons_256x/256x_vial_red.png using Guid(1596ce10979230c4eba5169c4c90f895) Importer(815301076,1909f56bfc062723c751e8b465ee728b)  -> (artifact id: '9e6e88179fd96586891b81b9969ff719') in 0.014253 seconds 
========================================================================
Received Import Request.
  Time since last request: 0.000119 seconds.
  path: Assets/Images/package_potions_512x/potion_icons_256x/256x_vial_glass.png
  artifactKey: Guid(49acadb58a4039b4ba8c0799f2c31902) Importer(815301076,1909f56bfc062723c751e8b465ee728b)
Start importing Assets/Images/package_potions_512x/potion_icons_256x/256x_vial_glass.png using Guid(49acadb58a4039b4ba8c0799f2c31902) Importer(815301076,1909f56bfc062723c751e8b465ee728b)  -> (artifact id: 'd97940cfa2e1d19c32fc6f3072be0329') in 0.013303 seconds 
========================================================================
Received Import Request.
  Time since last request: 7.286735 seconds.
  path: Assets/Images/package_potions_512x/potion_icons_512x/512x_beaker_green.png
  artifactKey: Guid(aa1de85b1996f1941bd59fbea4bf18af) Importer(815301076,1909f56bfc062723c751e8b465ee728b)
Start importing Assets/Images/package_potions_512x/potion_icons_512x/512x_beaker_green.png using Guid(aa1de85b1996f1941bd59fbea4bf18af) Importer(815301076,1909f56bfc062723c751e8b465ee728b)  -> (artifact id: 'af4fd37c52e23af632042f919ded43d1') in 0.013455 seconds 
========================================================================
Received Import Request.
  Time since last request: 0.000125 seconds.
  path: Assets/Invector-3rdPersonController_LITE/Resources/BarBg.png
  artifactKey: Guid(0085f005184a4064690308838d1f3c3a) Importer(815301076,1909f56bfc062723c751e8b465ee728b)
Start importing Assets/Invector-3rdPersonController_LITE/Resources/BarBg.png using Guid(0085f005184a4064690308838d1f3c3a) Importer(815301076,1909f56bfc062723c751e8b465ee728b)  -> (artifact id: '743ead1b116ed9dcb498bcb85e698c8a') in 0.026905 seconds 
========================================================================
Received Import Request.
  Time since last request: 0.000127 seconds.
  path: Assets/Images/package_potions_512x/potion_icons_512x/512x_flask1_blue.png
  artifactKey: Guid(ae7f5b3e96be3744b8a02fe3cfe6c5b4) Importer(815301076,1909f56bfc062723c751e8b465ee728b)
Start importing Assets/Images/package_potions_512x/potion_icons_512x/512x_flask1_blue.png using Guid(ae7f5b3e96be3744b8a02fe3cfe6c5b4) Importer(815301076,1909f56bfc062723c751e8b465ee728b)  -> (artifact id: '1ec433a625cf47542d9f5eae0a465d4a') in 0.014022 seconds 
========================================================================
Received Import Request.
  Time since last request: 0.000117 seconds.
  path: Assets/Invector-3rdPersonController_LITE/Resources/basicLogo.png
  artifactKey: Guid(f75e2b1809ad796469251378de80ccb1) Importer(815301076,1909f56bfc062723c751e8b465ee728b)
Start importing Assets/Invector-3rdPersonController_LITE/Resources/basicLogo.png using Guid(f75e2b1809ad796469251378de80ccb1) Importer(815301076,1909f56bfc062723c751e8b465ee728b)  -> (artifact id: '399b1dd3a0c782ee1e71b21977ccda3f') in 0.011435 seconds 
========================================================================
Received Import Request.
  Time since last request: 0.000126 seconds.
  path: Assets/Images/package_potions_512x/potion_icons_512x/512x_beaker_red.png
  artifactKey: Guid(6e818494cff84c5488ccd61432d63a24) Importer(815301076,1909f56bfc062723c751e8b465ee728b)
Start importing Assets/Images/package_potions_512x/potion_icons_512x/512x_beaker_red.png using Guid(6e818494cff84c5488ccd61432d63a24) Importer(815301076,1909f56bfc062723c751e8b465ee728b)  -> (artifact id: '9b3384cf3ae3967dabd5ecf9cb336238') in 0.025927 seconds 
========================================================================
Received Import Request.
  Time since last request: 0.000142 seconds.
  path: Assets/Images/package_potions_512x/potion_icons_512x/512x_jug_blue.png
  artifactKey: Guid(2290f8ad32c4a234cbf1fa1f9cf134f1) Importer(815301076,1909f56bfc062723c751e8b465ee728b)
Start importing Assets/Images/package_potions_512x/potion_icons_512x/512x_jug_blue.png using Guid(2290f8ad32c4a234cbf1fa1f9cf134f1) Importer(815301076,1909f56bfc062723c751e8b465ee728b)  -> (artifact id: 'e8ca9c7621a2d2b0580543bcc47eb443') in 0.012616 seconds 
========================================================================
Received Import Request.
  Time since last request: 0.000165 seconds.
  path: Assets/Images/package_potions_512x/potion_icons_512x/512x_bottle2_red.png
  artifactKey: Guid(1a83daeb55a863842b5113433e81dc6e) Importer(815301076,1909f56bfc062723c751e8b465ee728b)
Start importing Assets/Images/package_potions_512x/potion_icons_512x/512x_bottle2_red.png using Guid(1a83daeb55a863842b5113433e81dc6e) Importer(815301076,1909f56bfc062723c751e8b465ee728b)  -> (artifact id: '32d5aec1c010d4d5430d284b1e8475ec') in 0.013116 seconds 
========================================================================
Received Import Request.
  Time since last request: 0.000168 seconds.
  path: Assets/Images/package_potions_512x/potion_icons_512x/512x_bottle2_glass_empty.png
  artifactKey: Guid(f0712dd86bb641b4a9894bab9b6bf218) Importer(815301076,1909f56bfc062723c751e8b465ee728b)
Start importing Assets/Images/package_potions_512x/potion_icons_512x/512x_bottle2_glass_empty.png using Guid(f0712dd86bb641b4a9894bab9b6bf218) Importer(815301076,1909f56bfc062723c751e8b465ee728b)  -> (artifact id: '1159352413ac12937a9feaa013657ae1') in 0.011846 seconds 
========================================================================
Received Import Request.
  Time since last request: 0.000155 seconds.
  path: Assets/Images/simple UI & icons/box/box_option1.png
  artifactKey: Guid(722bf8ea9395ad0488f853393305780b) Importer(815301076,1909f56bfc062723c751e8b465ee728b)
Start importing Assets/Images/simple UI & icons/box/box_option1.png using Guid(722bf8ea9395ad0488f853393305780b) Importer(815301076,1909f56bfc062723c751e8b465ee728b)  -> (artifact id: '3447668daad0d90276128a6a2c6f5be4') in 0.027261 seconds 
========================================================================
Received Import Request.
  Time since last request: 0.000166 seconds.
  path: Assets/Images/package_potions_512x/potion_icons_512x/512x_decanter_blue.png
  artifactKey: Guid(66748d36711e7fb47ac87cea1a18f5e7) Importer(815301076,1909f56bfc062723c751e8b465ee728b)
Start importing Assets/Images/package_potions_512x/potion_icons_512x/512x_decanter_blue.png using Guid(66748d36711e7fb47ac87cea1a18f5e7) Importer(815301076,1909f56bfc062723c751e8b465ee728b)  -> (artifact id: '302b0e91022275a14881203ae197a7b9') in 0.013729 seconds 
========================================================================
Received Import Request.
  Time since last request: 0.000117 seconds.
  path: Assets/Images/package_potions_512x/potion_icons_512x/512x_urn_blue.png
  artifactKey: Guid(214ac36a46c914149b6b4f47455afcae) Importer(815301076,1909f56bfc062723c751e8b465ee728b)
Start importing Assets/Images/package_potions_512x/potion_icons_512x/512x_urn_blue.png using Guid(214ac36a46c914149b6b4f47455afcae) Importer(815301076,1909f56bfc062723c751e8b465ee728b)  -> (artifact id: 'c642913e19846da4c3dfe7f6b7c93b22') in 0.012642 seconds 
========================================================================
Received Import Request.
  Time since last request: 0.000197 seconds.
  path: Assets/Images/package_potions_512x/potion_icons_512x/512x_vial_blue.png
  artifactKey: Guid(865cdd2e40b4bbe4189693e07c72a43e) Importer(815301076,1909f56bfc062723c751e8b465ee728b)
Start importing Assets/Images/package_potions_512x/potion_icons_512x/512x_vial_blue.png using Guid(865cdd2e40b4bbe4189693e07c72a43e) Importer(815301076,1909f56bfc062723c751e8b465ee728b)  -> (artifact id: 'bdbf4d6a293ce298021bf52f2061063e') in 0.015246 seconds 
========================================================================
Received Import Request.
  Time since last request: 0.000147 seconds.
  path: Assets/Images/package_potions_512x/potion_icons_512x/512x_bottle_green.png
  artifactKey: Guid(da2167a497c035945a43363329289e26) Importer(815301076,1909f56bfc062723c751e8b465ee728b)
Start importing Assets/Images/package_potions_512x/potion_icons_512x/512x_bottle_green.png using Guid(da2167a497c035945a43363329289e26) Importer(815301076,1909f56bfc062723c751e8b465ee728b)  -> (artifact id: '71137efb89440bdaf34f4d22e968bfcf') in 0.014113 seconds 
========================================================================
Received Import Request.
  Time since last request: 0.000173 seconds.
  path: Assets/Images/package_potions_512x/potion_icons_512x/512x_bottle2_blue.png
  artifactKey: Guid(5204c4a5f9b80744192b880dd0d3345f) Importer(815301076,1909f56bfc062723c751e8b465ee728b)
Start importing Assets/Images/package_potions_512x/potion_icons_512x/512x_bottle2_blue.png using Guid(5204c4a5f9b80744192b880dd0d3345f) Importer(815301076,1909f56bfc062723c751e8b465ee728b)  -> (artifact id: '069a58efaf55d7985f4074f07c3fd4e1') in 0.013376 seconds 
========================================================================
Received Import Request.
  Time since last request: 0.000193 seconds.
  path: Assets/Invector-3rdPersonController_LITE/Resources/boxLight.png
  artifactKey: Guid(9343ecc466b190245b24789e1fc2f085) Importer(815301076,1909f56bfc062723c751e8b465ee728b)
Start importing Assets/Invector-3rdPersonController_LITE/Resources/boxLight.png using Guid(9343ecc466b190245b24789e1fc2f085) Importer(815301076,1909f56bfc062723c751e8b465ee728b)  -> (artifact id: 'ec95463ac645d703dda765c2633b915d') in 0.009063 seconds 
========================================================================
Received Import Request.
  Time since last request: 0.000204 seconds.
  path: Assets/Images/package_potions_512x/potion_icons_512x/512x_bottle2_green.png
  artifactKey: Guid(04ce01b2b1f233b458c21ffdc6d4c6db) Importer(815301076,1909f56bfc062723c751e8b465ee728b)
Start importing Assets/Images/package_potions_512x/potion_icons_512x/512x_bottle2_green.png using Guid(04ce01b2b1f233b458c21ffdc6d4c6db) Importer(815301076,1909f56bfc062723c751e8b465ee728b)  -> (artifact id: '871d5714d80a6480076e0fbf5b4fb1a1') in 0.012695 seconds 
========================================================================
Received Import Request.
  Time since last request: 0.000196 seconds.
  path: Assets/Invector-3rdPersonController_LITE/Resources/hightlightBox.png
  artifactKey: Guid(5dfcf9622f12816418d439efe678683a) Importer(815301076,1909f56bfc062723c751e8b465ee728b)
Start importing Assets/Invector-3rdPersonController_LITE/Resources/hightlightBox.png using Guid(5dfcf9622f12816418d439efe678683a) Importer(815301076,1909f56bfc062723c751e8b465ee728b)  -> (artifact id: 'c658efa0cd3ac2893536cb991f2ea21b') in 0.009668 seconds 
========================================================================
Received Import Request.
  Time since last request: 0.000160 seconds.
  path: Assets/Invector-3rdPersonController_LITE/Resources/customBox.png
  artifactKey: Guid(852a86a871b25ff4ea50a13a4c391999) Importer(815301076,1909f56bfc062723c751e8b465ee728b)
Start importing Assets/Invector-3rdPersonController_LITE/Resources/customBox.png using Guid(852a86a871b25ff4ea50a13a4c391999) Importer(815301076,1909f56bfc062723c751e8b465ee728b)  -> (artifact id: '87c60891525e62edd5a7d6f41a4a29e5') in 0.009979 seconds 
========================================================================
Received Import Request.
  Time since last request: 0.000190 seconds.
  path: Assets/Images/package_potions_512x/potion_icons_512x/512x_potion_blue.png
  artifactKey: Guid(c06e2e24bf97b9c4094ca5c56733ea0c) Importer(815301076,1909f56bfc062723c751e8b465ee728b)
Start importing Assets/Images/package_potions_512x/potion_icons_512x/512x_potion_blue.png using Guid(c06e2e24bf97b9c4094ca5c56733ea0c) Importer(815301076,1909f56bfc062723c751e8b465ee728b)  -> (artifact id: '3ae3bc2a1ab26d1ae9e9ca5523d7f713') in 0.013360 seconds 
========================================================================
Received Import Request.
  Time since last request: 0.000250 seconds.
  path: Assets/Images/package_potions_512x/potion_icons_512x/512x_bottle_blue.png
  artifactKey: Guid(0dfe8b2bef58ba5419e147dc55aa256a) Importer(815301076,1909f56bfc062723c751e8b465ee728b)
Start importing Assets/Images/package_potions_512x/potion_icons_512x/512x_bottle_blue.png using Guid(0dfe8b2bef58ba5419e147dc55aa256a) Importer(815301076,1909f56bfc062723c751e8b465ee728b)  -> (artifact id: 'b005a32bd7790a71b151a0562ba5760d') in 0.019490 seconds 
========================================================================
Received Import Request.
  Time since last request: 0.000133 seconds.
  path: Assets/Images/package_potions_512x/potion_icons_512x/512x_bottle_glass_empty.png
  artifactKey: Guid(ce050e024dce3b54a998ddcccf6a14e2) Importer(815301076,1909f56bfc062723c751e8b465ee728b)
Start importing Assets/Images/package_potions_512x/potion_icons_512x/512x_bottle_glass_empty.png using Guid(ce050e024dce3b54a998ddcccf6a14e2) Importer(815301076,1909f56bfc062723c751e8b465ee728b)  -> (artifact id: 'd83cea3e05528427c106781f83293257') in 0.011660 seconds 
========================================================================
Received Import Request.
  Time since last request: 0.000148 seconds.
  path: Assets/Images/package_potions_512x/potion_icons_512x/512x_flask2_blue.png
  artifactKey: Guid(0728d0fcacc90a4479b06a413548442f) Importer(815301076,1909f56bfc062723c751e8b465ee728b)
Start importing Assets/Images/package_potions_512x/potion_icons_512x/512x_flask2_blue.png using Guid(0728d0fcacc90a4479b06a413548442f) Importer(815301076,1909f56bfc062723c751e8b465ee728b)  -> (artifact id: '387dcabc917945dccb4f64619124059b') in 0.013983 seconds 
========================================================================
Received Import Request.
  Time since last request: 0.000147 seconds.
  path: Assets/Images/package_potions_512x/potion_icons_512x/512x_bottle_red.png
  artifactKey: Guid(3e72aab37a1237447b29c51b32c2c8c2) Importer(815301076,1909f56bfc062723c751e8b465ee728b)
Start importing Assets/Images/package_potions_512x/potion_icons_512x/512x_bottle_red.png using Guid(3e72aab37a1237447b29c51b32c2c8c2) Importer(815301076,1909f56bfc062723c751e8b465ee728b)  -> (artifact id: '2d0860c8e55c3b496213e8657a90bc7f') in 0.011748 seconds 
========================================================================
Received Import Request.
  Time since last request: 1015.473629 seconds.
  path: Assets/Prefabs
  artifactKey: Guid(cd25418ca9e2f426ebb667d507b50fcd) Importer(815301076,1909f56bfc062723c751e8b465ee728b)
Start importing Assets/Prefabs using Guid(cd25418ca9e2f426ebb667d507b50fcd) Importer(815301076,1909f56bfc062723c751e8b465ee728b)  -> (artifact id: 'bea1c06458c3d6c2c29a1baab4850464') in 0.001415 seconds 
========================================================================
Received Import Request.
  Time since last request: 13.034303 seconds.
  path: Assets/Prefabs/Button0.prefab
  artifactKey: Guid(20e5403df3a664037847c59b8bd57fc0) Importer(815301076,1909f56bfc062723c751e8b465ee728b)
Start importing Assets/Prefabs/Button0.prefab using Guid(20e5403df3a664037847c59b8bd57fc0) Importer(815301076,1909f56bfc062723c751e8b465ee728b)  -> (artifact id: 'b853221a8fcefb82ac2834f4dd00f718') in 0.175260 seconds 
